{"level":"info","message":"POST /api/auth/login undefined","timestamp":"2024-05-11T15:13:08.604Z"}
{"level":"info","message":"POST /api/auth/login undefined","timestamp":"2024-05-11T15:17:23.908Z"}
{"level":"info","message":"POST /api/auth/register undefined","timestamp":"2024-05-11T15:26:23.669Z"}
{"level":"info","message":"POST /api/auth/register undefined","timestamp":"2024-05-11T15:26:59.132Z"}
{"level":"info","message":"POST /api/auth/register undefined","timestamp":"2024-05-11T15:27:23.202Z"}
{"level":"info","message":"POST /api/auth/register undefined","timestamp":"2024-05-11T15:28:20.480Z"}
{"level":"info","message":"POST /api/auth/login undefined","timestamp":"2024-05-11T15:28:42.661Z"}
{"level":"info","message":"POST /api/auth/register undefined","timestamp":"2024-05-11T15:29:59.942Z"}
{"level":"info","message":"POST /api/auth/register undefined","timestamp":"2024-05-11T15:30:16.307Z"}
{"level":"info","message":"POST /api/auth/register undefined","timestamp":"2024-05-11T15:30:21.807Z"}
{"level":"info","message":"POST /api/auth/register undefined","timestamp":"2024-05-11T15:30:31.663Z"}
{"level":"info","message":"POST /api/auth/login undefined","timestamp":"2024-05-11T23:08:03.540Z"}
{"level":"info","message":"POST /api/auth/login undefined","timestamp":"2024-05-11T23:08:19.865Z"}
{"level":"info","message":"POST /api/auth/login undefined","timestamp":"2024-05-11T23:08:59.499Z"}
{"level":"info","message":"POST /api/auth/register undefined","timestamp":"2024-05-11T23:09:59.521Z"}
{"level":"info","message":"POST /api/auth/login undefined","timestamp":"2024-05-11T23:10:16.964Z"}
{"level":"info","message":"POST /api/auth/login undefined","timestamp":"2024-05-11T23:10:49.795Z"}
{"level":"info","message":"POST /api/property undefined","timestamp":"2024-05-11T23:27:20.392Z"}
{"level":"info","message":"POST /api/property undefined","timestamp":"2024-05-11T23:35:43.201Z"}
{"level":"info","message":"POST /api/property undefined","timestamp":"2024-05-11T23:36:50.697Z"}
{"level":"info","message":"POST /api/property undefined","timestamp":"2024-05-11T23:37:04.769Z"}
{"level":"info","message":"GET /api/ ::1","timestamp":"2024-05-12T07:32:14.362Z"}
{"level":"info","message":"GET /api//property ::1","timestamp":"2024-05-12T07:32:30.823Z"}
{"level":"info","message":"POST /api/auth/login undefined","timestamp":"2024-05-12T16:22:07.114Z"}
{"level":"info","message":"POST /api/auth/register undefined","timestamp":"2024-05-12T16:23:00.553Z"}
{"level":"info","message":"POST /api/auth/login undefined","timestamp":"2024-05-12T16:23:18.660Z"}
{"level":"info","message":"POST /api//property undefined","timestamp":"2024-05-12T16:28:39.809Z"}
{"level":"info","message":"POST /api/property undefined","timestamp":"2024-05-12T16:28:54.141Z"}
{"level":"info","message":"POST /api//property undefined","timestamp":"2024-05-12T16:30:14.219Z"}
{"level":"info","message":"POST /api/auth/login undefined","timestamp":"2024-05-12T16:32:14.909Z"}
{"level":"info","message":"POST /api/auth/login undefined","timestamp":"2024-05-12T16:32:23.701Z"}
{"level":"info","message":"POST /api/property undefined","timestamp":"2024-05-12T16:34:45.700Z"}
{"level":"info","message":"POST /api/property undefined","timestamp":"2024-05-12T16:35:42.724Z"}
{"level":"info","message":"POST /api/property undefined","timestamp":"2024-05-12T16:36:34.179Z"}
{"level":"info","message":"POST /api/property undefined","timestamp":"2024-05-12T16:37:01.745Z"}
{"level":"info","message":"POST /api/property undefined","timestamp":"2024-05-12T16:38:53.920Z"}
{"level":"info","message":"POST /api/property undefined","timestamp":"2024-05-12T16:39:45.164Z"}
{"level":"info","message":"POST /api/property undefined","timestamp":"2024-05-12T16:42:08.305Z"}
{"level":"info","message":"POST /api/property undefined","timestamp":"2024-05-12T16:42:50.801Z"}
{"level":"info","message":"POST /api/auth/login undefined","timestamp":"2024-05-12T17:16:49.419Z"}
{"level":"info","message":"POST /api/property undefined","timestamp":"2024-05-12T17:17:10.500Z"}
{"level":"info","message":"POST /api/property undefined","timestamp":"2024-05-12T17:21:40.248Z"}
{"level":"info","message":"POST /api/property undefined","timestamp":"2024-05-12T17:21:55.972Z"}
{"level":"info","message":"POST /api/property undefined","timestamp":"2024-05-12T17:22:22.644Z"}
{"level":"info","message":"GET /api/property ::1","timestamp":"2024-05-12T17:23:21.770Z"}
{"level":"info","message":"GET /api/property ::1","timestamp":"2024-05-12T17:23:33.439Z"}
