{"level":"info","message":"GET /api-docs ::1","timestamp":"2024-05-09T15:42:18.237Z"}
{"level":"info","message":"GET /api-docs/ ::1","timestamp":"2024-05-09T15:42:18.308Z"}
{"level":"info","message":"GET /api-docs/swagger-ui.css ::1","timestamp":"2024-05-09T15:42:18.423Z"}
{"level":"info","message":"GET /api-docs/swagger-ui-bundle.js ::1","timestamp":"2024-05-09T15:42:18.425Z"}
{"level":"info","message":"GET /api-docs/swagger-ui-standalone-preset.js ::1","timestamp":"2024-05-09T15:42:18.427Z"}
{"level":"info","message":"GET /api-docs/swagger-ui-init.js ::1","timestamp":"2024-05-09T15:42:18.430Z"}
{"level":"info","message":"GET /api-docs/favicon-32x32.png ::1","timestamp":"2024-05-09T15:42:19.543Z"}
{"level":"info","message":"GET / ::1","timestamp":"2024-05-09T15:42:52.297Z"}
{"level":"info","message":"GET /swagger-ui.css ::1","timestamp":"2024-05-09T15:42:52.379Z"}
{"level":"info","message":"GET /swagger-ui-bundle.js ::1","timestamp":"2024-05-09T15:42:52.387Z"}
{"level":"info","message":"GET /swagger-ui-standalone-preset.js ::1","timestamp":"2024-05-09T15:42:52.390Z"}
{"level":"info","message":"GET /swagger-ui-init.js ::1","timestamp":"2024-05-09T15:42:52.391Z"}
{"level":"info","message":"GET /favicon-32x32.png ::1","timestamp":"2024-05-09T15:42:52.933Z"}
{"level":"info","message":"GET / ::1","timestamp":"2024-05-09T15:43:44.399Z"}
{"level":"info","message":"GET /swagger-ui.css ::1","timestamp":"2024-05-09T15:43:44.465Z"}
{"level":"info","message":"GET /swagger-ui-bundle.js ::1","timestamp":"2024-05-09T15:43:44.470Z"}
{"level":"info","message":"GET /swagger-ui-standalone-preset.js ::1","timestamp":"2024-05-09T15:43:44.492Z"}
{"level":"info","message":"GET /swagger-ui-init.js ::1","timestamp":"2024-05-09T15:43:44.493Z"}
{"level":"info","message":"GET /favicon-32x32.png ::1","timestamp":"2024-05-09T15:43:44.853Z"}
{"level":"info","message":"GET / ::1","timestamp":"2024-05-09T15:43:46.539Z"}
{"level":"info","message":"GET /swagger-ui.css ::1","timestamp":"2024-05-09T15:43:46.592Z"}
{"level":"info","message":"GET /swagger-ui-bundle.js ::1","timestamp":"2024-05-09T15:43:46.595Z"}
{"level":"info","message":"GET /swagger-ui-standalone-preset.js ::1","timestamp":"2024-05-09T15:43:46.596Z"}
{"level":"info","message":"GET /swagger-ui-init.js ::1","timestamp":"2024-05-09T15:43:46.597Z"}
{"level":"info","message":"GET /favicon-32x32.png ::1","timestamp":"2024-05-09T15:43:46.791Z"}
{"level":"info","message":"GET / ::1","timestamp":"2024-05-09T15:44:38.929Z"}
{"level":"info","message":"GET /swagger-ui.css ::1","timestamp":"2024-05-09T15:44:39.004Z"}
{"level":"info","message":"GET /swagger-ui-bundle.js ::1","timestamp":"2024-05-09T15:44:39.008Z"}
{"level":"info","message":"GET /swagger-ui-standalone-preset.js ::1","timestamp":"2024-05-09T15:44:39.010Z"}
{"level":"info","message":"GET /swagger-ui-init.js ::1","timestamp":"2024-05-09T15:44:39.012Z"}
{"level":"info","message":"GET /favicon-32x32.png ::1","timestamp":"2024-05-09T15:44:39.258Z"}
{"level":"info","message":"GET / ::1","timestamp":"2024-05-09T15:44:52.371Z"}
{"level":"info","message":"GET /swagger-ui.css ::1","timestamp":"2024-05-09T15:44:52.444Z"}
{"level":"info","message":"GET /swagger-ui-bundle.js ::1","timestamp":"2024-05-09T15:44:52.452Z"}
{"level":"info","message":"GET /swagger-ui-standalone-preset.js ::1","timestamp":"2024-05-09T15:44:52.454Z"}
{"level":"info","message":"GET /swagger-ui-init.js ::1","timestamp":"2024-05-09T15:44:52.457Z"}
{"level":"info","message":"GET /favicon-32x32.png ::1","timestamp":"2024-05-09T15:44:52.698Z"}
{"level":"info","message":"GET / ::1","timestamp":"2024-05-09T15:46:01.160Z"}
{"level":"info","message":"GET /swagger-ui.css ::1","timestamp":"2024-05-09T15:46:01.264Z"}
{"level":"info","message":"GET /swagger-ui-bundle.js ::1","timestamp":"2024-05-09T15:46:01.268Z"}
{"level":"info","message":"GET /swagger-ui-standalone-preset.js ::1","timestamp":"2024-05-09T15:46:01.269Z"}
{"level":"info","message":"GET /swagger-ui-init.js ::1","timestamp":"2024-05-09T15:46:01.270Z"}
{"level":"info","message":"GET /favicon-32x32.png ::1","timestamp":"2024-05-09T15:46:01.550Z"}
{"level":"info","message":"GET / ::1","timestamp":"2024-05-09T15:46:02.927Z"}
{"level":"info","message":"GET /swagger-ui.css ::1","timestamp":"2024-05-09T15:46:02.980Z"}
{"level":"info","message":"GET /swagger-ui-bundle.js ::1","timestamp":"2024-05-09T15:46:02.982Z"}
{"level":"info","message":"GET /swagger-ui-standalone-preset.js ::1","timestamp":"2024-05-09T15:46:02.985Z"}
{"level":"info","message":"GET /swagger-ui-init.js ::1","timestamp":"2024-05-09T15:46:02.987Z"}
{"level":"info","message":"GET /favicon-32x32.png ::1","timestamp":"2024-05-09T15:46:03.209Z"}
{"level":"info","message":"GET / ::1","timestamp":"2024-05-09T15:46:08.357Z"}
{"level":"info","message":"GET /swagger-ui.css ::1","timestamp":"2024-05-09T15:46:08.447Z"}
{"level":"info","message":"GET /swagger-ui-bundle.js ::1","timestamp":"2024-05-09T15:46:08.456Z"}
{"level":"info","message":"GET /swagger-ui-standalone-preset.js ::1","timestamp":"2024-05-09T15:46:08.459Z"}
{"level":"info","message":"GET /swagger-ui-init.js ::1","timestamp":"2024-05-09T15:46:08.463Z"}
{"level":"info","message":"GET /favicon-32x32.png ::1","timestamp":"2024-05-09T15:46:08.689Z"}
{"level":"info","message":"GET / ::1","timestamp":"2024-05-09T15:46:09.181Z"}
{"level":"info","message":"GET /swagger-ui.css ::1","timestamp":"2024-05-09T15:46:09.249Z"}
{"level":"info","message":"GET /swagger-ui-bundle.js ::1","timestamp":"2024-05-09T15:46:09.250Z"}
{"level":"info","message":"GET /swagger-ui-standalone-preset.js ::1","timestamp":"2024-05-09T15:46:09.254Z"}
{"level":"info","message":"GET /swagger-ui-init.js ::1","timestamp":"2024-05-09T15:46:09.258Z"}
{"level":"info","message":"GET /favicon-32x32.png ::1","timestamp":"2024-05-09T15:46:09.453Z"}
{"level":"info","message":"GET / ::1","timestamp":"2024-05-09T15:46:09.684Z"}
{"level":"info","message":"GET /swagger-ui.css ::1","timestamp":"2024-05-09T15:46:09.766Z"}
{"level":"info","message":"GET /swagger-ui-bundle.js ::1","timestamp":"2024-05-09T15:46:09.769Z"}
{"level":"info","message":"GET /swagger-ui-standalone-preset.js ::1","timestamp":"2024-05-09T15:46:09.771Z"}
{"level":"info","message":"GET /swagger-ui-init.js ::1","timestamp":"2024-05-09T15:46:09.772Z"}
{"level":"info","message":"GET /favicon-32x32.png ::1","timestamp":"2024-05-09T15:46:09.936Z"}
{"level":"info","message":"GET / ::1","timestamp":"2024-05-09T15:46:09.976Z"}
{"level":"info","message":"GET /swagger-ui.css ::1","timestamp":"2024-05-09T15:46:10.026Z"}
{"level":"info","message":"GET /swagger-ui-bundle.js ::1","timestamp":"2024-05-09T15:46:10.028Z"}
{"level":"info","message":"GET /swagger-ui-standalone-preset.js ::1","timestamp":"2024-05-09T15:46:10.030Z"}
{"level":"info","message":"GET /swagger-ui-init.js ::1","timestamp":"2024-05-09T15:46:10.032Z"}
{"level":"info","message":"GET /favicon-32x32.png ::1","timestamp":"2024-05-09T15:46:10.179Z"}
{"level":"info","message":"GET /swagger-ui.css ::1","timestamp":"2024-05-09T19:01:19.872Z"}
{"level":"info","message":"GET /swagger-ui-bundle.js ::1","timestamp":"2024-05-09T19:01:19.903Z"}
{"level":"info","message":"GET /swagger-ui-standalone-preset.js ::1","timestamp":"2024-05-09T19:01:19.905Z"}
{"level":"info","message":"GET /swagger-ui-init.js ::1","timestamp":"2024-05-09T19:01:19.906Z"}
{"level":"info","message":"GET / ::1","timestamp":"2024-05-09T19:01:23.613Z"}
{"level":"info","message":"GET /swagger-ui.css ::1","timestamp":"2024-05-09T19:01:23.714Z"}
{"level":"info","message":"GET /swagger-ui-bundle.js ::1","timestamp":"2024-05-09T19:01:23.722Z"}
{"level":"info","message":"GET /swagger-ui-standalone-preset.js ::1","timestamp":"2024-05-09T19:01:23.724Z"}
{"level":"info","message":"GET /swagger-ui-init.js ::1","timestamp":"2024-05-09T19:01:23.726Z"}
{"level":"info","message":"GET /favicon-32x32.png ::1","timestamp":"2024-05-09T19:01:24.113Z"}
{"level":"info","message":"GET / ::1","timestamp":"2024-05-09T19:03:35.883Z"}
{"level":"info","message":"GET /swagger-ui.css ::1","timestamp":"2024-05-09T19:03:36.065Z"}
{"level":"info","message":"GET /swagger-ui-bundle.js ::1","timestamp":"2024-05-09T19:03:36.068Z"}
{"level":"info","message":"GET /swagger-ui-standalone-preset.js ::1","timestamp":"2024-05-09T19:03:36.071Z"}
{"level":"info","message":"GET /swagger-ui-init.js ::1","timestamp":"2024-05-09T19:03:36.074Z"}
{"level":"info","message":"GET /favicon-32x32.png ::1","timestamp":"2024-05-09T19:03:36.281Z"}
{"level":"info","message":"GET / ::1","timestamp":"2024-05-09T19:03:37.828Z"}
{"level":"info","message":"GET /swagger-ui.css ::1","timestamp":"2024-05-09T19:03:37.897Z"}
{"level":"info","message":"GET /swagger-ui-bundle.js ::1","timestamp":"2024-05-09T19:03:37.899Z"}
{"level":"info","message":"GET /swagger-ui-standalone-preset.js ::1","timestamp":"2024-05-09T19:03:37.900Z"}
{"level":"info","message":"GET /swagger-ui-init.js ::1","timestamp":"2024-05-09T19:03:37.903Z"}
{"level":"info","message":"GET /favicon-32x32.png ::1","timestamp":"2024-05-09T19:03:38.305Z"}
{"level":"info","message":"GET / ::1","timestamp":"2024-05-09T19:03:38.552Z"}
{"level":"info","message":"GET /swagger-ui.css ::1","timestamp":"2024-05-09T19:03:38.629Z"}
{"level":"info","message":"GET /swagger-ui-bundle.js ::1","timestamp":"2024-05-09T19:03:38.631Z"}
{"level":"info","message":"GET /swagger-ui-standalone-preset.js ::1","timestamp":"2024-05-09T19:03:38.633Z"}
{"level":"info","message":"GET /swagger-ui-init.js ::1","timestamp":"2024-05-09T19:03:38.635Z"}
{"level":"info","message":"GET /favicon-32x32.png ::1","timestamp":"2024-05-09T19:03:38.930Z"}
{"level":"info","message":"GET / ::1","timestamp":"2024-05-09T19:03:39.309Z"}
{"level":"info","message":"GET /swagger-ui.css ::1","timestamp":"2024-05-09T19:03:39.394Z"}
{"level":"info","message":"GET /swagger-ui-bundle.js ::1","timestamp":"2024-05-09T19:03:39.413Z"}
{"level":"info","message":"GET /swagger-ui-standalone-preset.js ::1","timestamp":"2024-05-09T19:03:39.423Z"}
{"level":"info","message":"GET /swagger-ui-init.js ::1","timestamp":"2024-05-09T19:03:39.425Z"}
{"level":"info","message":"GET /favicon-32x32.png ::1","timestamp":"2024-05-09T19:03:39.591Z"}
{"level":"info","message":"GET / ::1","timestamp":"2024-05-09T19:04:53.523Z"}
{"level":"info","message":"GET /swagger-ui.css ::1","timestamp":"2024-05-09T19:04:53.719Z"}
{"level":"info","message":"GET /swagger-ui-bundle.js ::1","timestamp":"2024-05-09T19:04:53.723Z"}
{"level":"info","message":"GET /swagger-ui-standalone-preset.js ::1","timestamp":"2024-05-09T19:04:53.725Z"}
{"level":"info","message":"GET /swagger-ui-init.js ::1","timestamp":"2024-05-09T19:04:53.728Z"}
{"level":"info","message":"GET /favicon-32x32.png ::1","timestamp":"2024-05-09T19:04:53.991Z"}
